<?xml version="1.0" encoding="UTF-8"?>
<!-- Generated by org.testng.reporters.JUnitXMLReporter -->
<testsuite hostname="DESKTOP-19NCAKV" ignored="1" name="Default test" tests="1" failures="0" timestamp="2022-11-01T14:13:04 IST" time="20.954" errors="0">
  <testcase name="byTest" time="6.179" classname="com.sample.Tests.SampleTest"/>
  <testcase name="sampleTest" time="0.0" classname="com.sample.Tests.SampleTest">
    <ignored/>
  </testcase> <!-- sampleTest -->
</testsuite> <!-- Default test -->
